2024-03-28 14:40:21 - RPA.core.certificates - INFO - Truststore injection done, using system certificate store to validate HTTPS.
2024-03-28 14:41:05 - RPA.core.certificates - INFO - Truststore injection done, using system certificate store to validate HTTPS.
2024-03-28 14:41:07 - app.run - INFO - Starting the automation.
2024-03-28 14:41:07 - app.run - INFO - Creating directories...
2024-03-28 14:41:07 - app.search - INFO - Initiating search with query 'brazil' and subject 'Sports'.
2024-03-28 14:41:13 - RPA.core.webdriver - INFO - Downloaded webdriver to: C:\Users\gabri\AppData\Local\robocorp\webdrivers\.wdm\drivers\chromedriver\win64\123.0.6312.86\chromedriver-win32/chromedriver.exe
2024-03-28 14:41:14 - RPA.Browser.Selenium - INFO - Webdriver version taken into use: ChromeDriver 123.0.6312.86 (9b72c47a053648d405376c5cf07999ed626728da-refs/branch-heads/6312@{#698})

2024-03-28 14:41:14 - RobotFramework - INFO - Creating an instance of the Chrome WebDriver.
2024-03-28 14:41:15 - RPA.Browser.Selenium - INFO - Created Chrome browser (version 123.0.6312) with arguments: --start-maximized --disable-dev-shm-usage --disable-web-security --allow-running-insecure-content --no-sandbox
2024-03-28 14:41:15 - RobotFramework - INFO - <p>Attempted combinations:</p><div class="doc"><table><tr><th>Browser</th><th>Download</th><th>Error</th></tr><tr><td>Chrome</td><td>False</td><td>Message: Webdriver executable 'chromedriver' is not in PATH (with disabled Selenium Manager)
</td></tr><tr><td>Chrome</td><td>True</td><td></td></tr></table></div>
2024-03-28 14:41:15 - RobotFramework - INFO - Opening url 'https://www.nytimes.com/search?dropmab=false&endDate=2024-03-28&query=brazil&sort=newest&startDate=2023-12-28'
2024-03-28 14:41:17 - RobotFramework - INFO - Clicking element 'xpath=//*[@id='fides-banner-button-primary']'.
2024-03-28 14:43:34 - RPA.core.certificates - INFO - Truststore injection done, using system certificate store to validate HTTPS.
2024-03-28 14:43:56 - RPA.core.certificates - INFO - Truststore injection done, using system certificate store to validate HTTPS.
2024-03-28 14:48:26 - RPA.core.certificates - INFO - Truststore injection done, using system certificate store to validate HTTPS.
2024-03-28 14:49:19 - RPA.core.certificates - INFO - Truststore injection done, using system certificate store to validate HTTPS.
2024-03-28 14:50:27 - RPA.core.certificates - INFO - Truststore injection done, using system certificate store to validate HTTPS.
2024-03-28 14:51:14 - RPA.core.certificates - INFO - Truststore injection done, using system certificate store to validate HTTPS.
2024-03-28 14:51:33 - RPA.core.certificates - INFO - Truststore injection done, using system certificate store to validate HTTPS.
2024-03-28 14:52:46 - RPA.core.certificates - INFO - Truststore injection done, using system certificate store to validate HTTPS.
2024-03-28 14:52:47 - RobotFramework - INFO - Opening browser 'chrome' to base url 'None'.
2024-03-28 14:54:33 - RPA.core.certificates - INFO - Truststore injection done, using system certificate store to validate HTTPS.
2024-03-28 14:54:34 - RobotFramework - INFO - Opening browser 'chrome' to base url 'None'.
2024-03-28 14:54:36 - app.run - INFO - Starting the automation.
2024-03-28 14:54:36 - app.run - INFO - Creating directories...
2024-03-28 14:54:36 - app.search - INFO - Initiating search with query 'brazil' and subject 'Sports'.
2024-03-28 14:55:02 - RPA.core.certificates - INFO - Truststore injection done, using system certificate store to validate HTTPS.
2024-03-28 14:55:02 - RobotFramework - INFO - Opening browser 'chrome' to base url 'None'.
2024-03-28 14:55:04 - app.run - INFO - Starting the automation.
2024-03-28 14:55:04 - app.run - INFO - Creating directories...
2024-03-28 14:55:04 - app.search - INFO - Initiating search with query 'brazil' and subject 'Sports'.
2024-03-28 14:55:04 - RobotFramework - INFO - Opening url 'https://www.nytimes.com/search?dropmab=false&endDate=2024-03-28&query=brazil&sort=newest&startDate=2023-12-28'
2024-03-28 14:55:06 - RobotFramework - INFO - Clicking element 'xpath=//*[@id='fides-banner-button-primary']'.
2024-03-28 14:55:53 - RPA.core.certificates - INFO - Truststore injection done, using system certificate store to validate HTTPS.
2024-03-28 14:55:53 - RobotFramework - INFO - Opening browser 'chrome' to base url 'None'.
2024-03-28 14:55:55 - app.run - INFO - Starting the automation.
2024-03-28 14:55:55 - app.run - INFO - Creating directories...
2024-03-28 14:55:55 - app.search - INFO - Initiating search with query 'brazil' and subject 'Sports'.
2024-03-28 14:55:55 - RobotFramework - INFO - Opening url 'https://www.nytimes.com/search?dropmab=false&endDate=2024-03-28&query=brazil&sort=newest&startDate=2023-12-28'
2024-03-28 14:55:59 - RobotFramework - INFO - Clicking element 'xpath=//*[@id='fides-banner-button-primary']'.
2024-03-28 14:55:59 - RobotFramework - INFO - Clicking element 'xpath=//button[@data-testid='search-multiselect-button']'.
2024-03-28 14:55:59 - app.search - INFO - Scraping 239 news
2024-03-28 14:55:59 - RobotFramework - INFO - Clicking element 'xpath=//button[@data-testid='search-show-more-button']'.
2024-03-28 14:55:59 - RobotFramework - INFO - Clicking element 'xpath=//button[@data-testid='search-show-more-button']'.
2024-03-28 14:55:59 - RobotFramework - INFO - Clicking element 'xpath=//button[@data-testid='search-show-more-button']'.
2024-03-28 14:55:59 - RobotFramework - INFO - Clicking element 'xpath=//button[@data-testid='search-show-more-button']'.
2024-03-28 14:56:00 - RobotFramework - INFO - Clicking element 'xpath=//button[@data-testid='search-show-more-button']'.
2024-03-28 14:56:00 - RobotFramework - INFO - Clicking element 'xpath=//button[@data-testid='search-show-more-button']'.
2024-03-28 14:56:00 - RobotFramework - INFO - Clicking element 'xpath=//button[@data-testid='search-show-more-button']'.
2024-03-28 14:56:00 - RobotFramework - INFO - Clicking element 'xpath=//button[@data-testid='search-show-more-button']'.
2024-03-28 14:56:00 - RobotFramework - INFO - Clicking element 'xpath=//button[@data-testid='search-show-more-button']'.
2024-03-28 14:56:00 - RobotFramework - INFO - Clicking element 'xpath=//button[@data-testid='search-show-more-button']'.
2024-03-28 14:56:01 - RobotFramework - INFO - Clicking element 'xpath=//button[@data-testid='search-show-more-button']'.
2024-03-28 14:56:01 - RobotFramework - INFO - Clicking element 'xpath=//button[@data-testid='search-show-more-button']'.
2024-03-28 14:56:01 - RobotFramework - INFO - Clicking element 'xpath=//button[@data-testid='search-show-more-button']'.
2024-03-28 14:56:01 - RobotFramework - INFO - Clicking element 'xpath=//button[@data-testid='search-show-more-button']'.
2024-03-28 14:56:01 - RobotFramework - INFO - Clicking element 'xpath=//button[@data-testid='search-show-more-button']'.
2024-03-28 14:56:02 - RobotFramework - INFO - Clicking element 'xpath=//button[@data-testid='search-show-more-button']'.
2024-03-28 14:56:02 - RobotFramework - INFO - Clicking element 'xpath=//button[@data-testid='search-show-more-button']'.
2024-03-28 14:56:02 - RobotFramework - INFO - Clicking element 'xpath=//button[@data-testid='search-show-more-button']'.
2024-03-28 14:56:02 - RobotFramework - INFO - Clicking element 'xpath=//button[@data-testid='search-show-more-button']'.
2024-03-28 14:56:02 - RobotFramework - INFO - Clicking element 'xpath=//button[@data-testid='search-show-more-button']'.
2024-03-28 14:56:02 - RobotFramework - INFO - Clicking element 'xpath=//button[@data-testid='search-show-more-button']'.
2024-03-28 14:56:02 - RobotFramework - INFO - Clicking element 'xpath=//button[@data-testid='search-show-more-button']'.
2024-03-28 14:56:02 - RobotFramework - INFO - Clicking element 'xpath=//button[@data-testid='search-show-more-button']'.
2024-03-28 14:56:03 - RobotFramework - INFO - Clicking element 'xpath=//button[@data-testid='search-show-more-button']'.
2024-03-28 14:56:03 - RobotFramework - INFO - Clicking element 'xpath=//button[@data-testid='search-show-more-button']'.
2024-03-28 14:56:03 - RobotFramework - INFO - Clicking element 'xpath=//button[@data-testid='search-show-more-button']'.
2024-03-28 14:56:04 - RobotFramework - INFO - Clicking element 'xpath=//button[@data-testid='search-show-more-button']'.
2024-03-28 14:56:04 - RobotFramework - INFO - Clicking element 'xpath=//button[@data-testid='search-show-more-button']'.
2024-03-28 14:56:04 - RobotFramework - INFO - Clicking element 'xpath=//button[@data-testid='search-show-more-button']'.
2024-03-28 14:56:04 - RobotFramework - INFO - Clicking element 'xpath=//button[@data-testid='search-show-more-button']'.
2024-03-28 14:56:04 - RobotFramework - INFO - Clicking element 'xpath=//button[@data-testid='search-show-more-button']'.
2024-03-28 14:56:14 - RobotFramework - INFO - Clicking element 'xpath=//button[@data-testid='search-show-more-button']'.
2024-03-28 14:56:14 - RobotFramework - INFO - Clicking element 'xpath=//button[@data-testid='search-show-more-button']'.
2024-03-28 14:56:51 - RPA.core.certificates - INFO - Truststore injection done, using system certificate store to validate HTTPS.
2024-03-28 14:56:52 - RobotFramework - INFO - Opening browser 'chrome' to base url 'None'.
2024-03-28 14:56:54 - app.run - INFO - Starting the automation.
2024-03-28 14:56:54 - app.run - INFO - Creating directories...
2024-03-28 14:56:54 - app.search - INFO - Initiating search with query 'brazil' and subject 'Sports'.
2024-03-28 14:56:54 - RobotFramework - INFO - Opening url 'https://www.nytimes.com/search?dropmab=false&endDate=2024-03-28&query=brazil&sort=newest&startDate=2023-12-28'
2024-03-28 14:56:57 - RobotFramework - INFO - Clicking element 'xpath=//*[@id='fides-banner-button-primary']'.
2024-03-28 14:56:57 - RobotFramework - INFO - Clicking element 'xpath=//button[@data-testid='search-multiselect-button']'.
2024-03-28 14:56:58 - app.search - INFO - Scraping 239 news
2024-03-28 14:56:58 - RobotFramework - INFO - Clicking element 'xpath=//button[@data-testid='search-show-more-button']'.
2024-03-28 14:56:58 - RobotFramework - INFO - Clicking element 'xpath=//button[@data-testid='search-show-more-button']'.
2024-03-28 14:56:58 - RobotFramework - INFO - Clicking element 'xpath=//button[@data-testid='search-show-more-button']'.
2024-03-28 14:56:58 - RobotFramework - INFO - Clicking element 'xpath=//button[@data-testid='search-show-more-button']'.
2024-03-28 14:56:58 - RobotFramework - INFO - Clicking element 'xpath=//button[@data-testid='search-show-more-button']'.
2024-03-28 14:56:58 - RobotFramework - INFO - Clicking element 'xpath=//button[@data-testid='search-show-more-button']'.
2024-03-28 14:56:58 - RobotFramework - INFO - Clicking element 'xpath=//button[@data-testid='search-show-more-button']'.
2024-03-28 14:56:59 - RobotFramework - INFO - Clicking element 'xpath=//button[@data-testid='search-show-more-button']'.
2024-03-28 14:56:59 - RobotFramework - INFO - Clicking element 'xpath=//button[@data-testid='search-show-more-button']'.
2024-03-28 14:56:59 - RobotFramework - INFO - Clicking element 'xpath=//button[@data-testid='search-show-more-button']'.
2024-03-28 14:56:59 - RobotFramework - INFO - Clicking element 'xpath=//button[@data-testid='search-show-more-button']'.
2024-03-28 14:56:59 - RobotFramework - INFO - Clicking element 'xpath=//button[@data-testid='search-show-more-button']'.
2024-03-28 14:56:59 - RobotFramework - INFO - Clicking element 'xpath=//button[@data-testid='search-show-more-button']'.
2024-03-28 14:56:59 - RobotFramework - INFO - Clicking element 'xpath=//button[@data-testid='search-show-more-button']'.
2024-03-28 14:56:59 - RobotFramework - INFO - Clicking element 'xpath=//button[@data-testid='search-show-more-button']'.
2024-03-28 14:56:59 - RobotFramework - INFO - Clicking element 'xpath=//button[@data-testid='search-show-more-button']'.
2024-03-28 14:57:00 - RobotFramework - INFO - Clicking element 'xpath=//button[@data-testid='search-show-more-button']'.
2024-03-28 14:57:00 - RobotFramework - INFO - Clicking element 'xpath=//button[@data-testid='search-show-more-button']'.
2024-03-28 14:57:00 - RobotFramework - INFO - Clicking element 'xpath=//button[@data-testid='search-show-more-button']'.
2024-03-28 14:57:00 - RobotFramework - INFO - Clicking element 'xpath=//button[@data-testid='search-show-more-button']'.
2024-03-28 14:57:00 - RobotFramework - INFO - Clicking element 'xpath=//button[@data-testid='search-show-more-button']'.
2024-03-28 14:57:01 - RobotFramework - INFO - Clicking element 'xpath=//button[@data-testid='search-show-more-button']'.
2024-03-28 14:57:01 - RobotFramework - INFO - Clicking element 'xpath=//button[@data-testid='search-show-more-button']'.
2024-03-28 14:57:01 - RobotFramework - INFO - Clicking element 'xpath=//button[@data-testid='search-show-more-button']'.
2024-03-28 14:57:01 - RobotFramework - INFO - Clicking element 'xpath=//button[@data-testid='search-show-more-button']'.
2024-03-28 14:57:01 - RobotFramework - INFO - Clicking element 'xpath=//button[@data-testid='search-show-more-button']'.
2024-03-28 14:57:01 - RobotFramework - INFO - Clicking element 'xpath=//button[@data-testid='search-show-more-button']'.
2024-03-28 14:57:01 - RobotFramework - INFO - Clicking element 'xpath=//button[@data-testid='search-show-more-button']'.
2024-03-28 14:57:01 - RobotFramework - INFO - Clicking element 'xpath=//button[@data-testid='search-show-more-button']'.
2024-03-28 14:57:02 - RobotFramework - INFO - Clicking element 'xpath=//button[@data-testid='search-show-more-button']'.
2024-03-28 14:57:02 - RobotFramework - INFO - Clicking element 'xpath=//button[@data-testid='search-show-more-button']'.
2024-03-28 14:57:03 - RobotFramework - INFO - Clicking element 'xpath=//button[@data-testid='search-show-more-button']'.
2024-03-28 14:57:03 - RobotFramework - INFO - Clicking element 'xpath=//button[@data-testid='search-show-more-button']'.
2024-03-28 14:57:03 - RobotFramework - INFO - Clicking element 'xpath=//button[@data-testid='search-show-more-button']'.
2024-03-28 14:57:03 - RobotFramework - INFO - Clicking element 'xpath=//button[@data-testid='search-show-more-button']'.
2024-03-28 14:57:03 - RobotFramework - INFO - Clicking element 'xpath=//button[@data-testid='search-show-more-button']'.
2024-03-28 14:57:03 - RobotFramework - INFO - Clicking element 'xpath=//button[@data-testid='search-show-more-button']'.
2024-03-28 14:57:04 - RobotFramework - INFO - Clicking element 'xpath=//button[@data-testid='search-show-more-button']'.
2024-03-28 14:57:04 - RobotFramework - INFO - Clicking element 'xpath=//button[@data-testid='search-show-more-button']'.
2024-03-28 14:57:04 - RobotFramework - INFO - Clicking element 'xpath=//button[@data-testid='search-show-more-button']'.
2024-03-28 14:57:05 - RobotFramework - INFO - Clicking element 'xpath=//button[@data-testid='search-show-more-button']'.
2024-03-28 14:57:05 - RobotFramework - INFO - Clicking element 'xpath=//button[@data-testid='search-show-more-button']'.
2024-03-28 14:57:05 - RobotFramework - INFO - Clicking element 'xpath=//button[@data-testid='search-show-more-button']'.
2024-03-28 14:57:05 - RobotFramework - INFO - Clicking element 'xpath=//button[@data-testid='search-show-more-button']'.
2024-03-28 14:57:06 - RobotFramework - INFO - Clicking element 'xpath=//button[@data-testid='search-show-more-button']'.
2024-03-28 14:57:06 - RobotFramework - INFO - Clicking element 'xpath=//button[@data-testid='search-show-more-button']'.
2024-03-28 14:57:07 - RobotFramework - INFO - Clicking element 'xpath=//button[@data-testid='search-show-more-button']'.
2024-03-28 14:57:07 - RobotFramework - INFO - Clicking element 'xpath=//button[@data-testid='search-show-more-button']'.
2024-03-28 14:57:07 - RobotFramework - INFO - Clicking element 'xpath=//button[@data-testid='search-show-more-button']'.
2024-03-28 14:57:07 - RobotFramework - INFO - Clicking element 'xpath=//button[@data-testid='search-show-more-button']'.
2024-03-28 14:57:08 - RobotFramework - INFO - Clicking element 'xpath=//button[@data-testid='search-show-more-button']'.
2024-03-28 14:57:08 - RobotFramework - INFO - Clicking element 'xpath=//button[@data-testid='search-show-more-button']'.
2024-03-28 14:57:08 - RobotFramework - INFO - Clicking element 'xpath=//button[@data-testid='search-show-more-button']'.
2024-03-28 14:57:08 - RobotFramework - INFO - Clicking element 'xpath=//button[@data-testid='search-show-more-button']'.
2024-03-28 14:57:08 - RobotFramework - INFO - Clicking element 'xpath=//button[@data-testid='search-show-more-button']'.
2024-03-28 14:57:09 - RobotFramework - INFO - Clicking element 'xpath=//button[@data-testid='search-show-more-button']'.
2024-03-28 14:57:09 - RobotFramework - INFO - Clicking element 'xpath=//button[@data-testid='search-show-more-button']'.
2024-03-28 14:57:09 - RobotFramework - INFO - Clicking element 'xpath=//button[@data-testid='search-show-more-button']'.
2024-03-28 14:57:09 - RobotFramework - INFO - Clicking element 'xpath=//button[@data-testid='search-show-more-button']'.
2024-03-28 14:57:10 - RobotFramework - INFO - Clicking element 'xpath=//button[@data-testid='search-show-more-button']'.
2024-03-28 14:57:10 - RobotFramework - INFO - Clicking element 'xpath=//button[@data-testid='search-show-more-button']'.
2024-03-28 14:57:11 - RobotFramework - INFO - Clicking element 'xpath=//button[@data-testid='search-show-more-button']'.
2024-03-28 14:57:11 - RobotFramework - INFO - Clicking element 'xpath=//button[@data-testid='search-show-more-button']'.
2024-03-28 14:57:11 - RobotFramework - INFO - Clicking element 'xpath=//button[@data-testid='search-show-more-button']'.
2024-03-28 14:57:12 - RobotFramework - INFO - Clicking element 'xpath=//button[@data-testid='search-show-more-button']'.
2024-03-28 14:57:12 - RobotFramework - INFO - Clicking element 'xpath=//button[@data-testid='search-show-more-button']'.
2024-03-28 14:57:12 - RobotFramework - INFO - Clicking element 'xpath=//button[@data-testid='search-show-more-button']'.
2024-03-28 14:57:13 - RobotFramework - INFO - Clicking element 'xpath=//button[@data-testid='search-show-more-button']'.
2024-03-28 14:57:13 - RobotFramework - INFO - Clicking element 'xpath=//button[@data-testid='search-show-more-button']'.
2024-03-28 14:57:13 - RobotFramework - INFO - Clicking element 'xpath=//button[@data-testid='search-show-more-button']'.
2024-03-28 14:57:13 - RobotFramework - INFO - Clicking element 'xpath=//button[@data-testid='search-show-more-button']'.
2024-03-28 14:57:14 - RobotFramework - INFO - Clicking element 'xpath=//button[@data-testid='search-show-more-button']'.
2024-03-28 14:57:14 - RobotFramework - INFO - Clicking element 'xpath=//button[@data-testid='search-show-more-button']'.
2024-03-28 17:15:24 - RPA.core.certificates - INFO - Truststore injection done, using system certificate store to validate HTTPS.
2024-03-28 17:15:24 - RobotFramework - INFO - Opening browser 'chrome' to base url 'None'.
2024-03-28 17:15:26 - app.run - INFO - Starting the automation.
2024-03-28 17:15:26 - app.run - INFO - Creating directories...
2024-03-28 17:15:26 - app.search - INFO - Initiating search with query 'brazil' and subject 'Sports'.
2024-03-28 17:15:26 - RobotFramework - INFO - Opening url 'https://www.nytimes.com/search?dropmab=false&endDate=2024-03-28&query=brazil&sort=newest&startDate=2023-12-28'
2024-03-28 17:15:30 - RobotFramework - INFO - Clicking element 'xpath=//*[@id='fides-banner-button-primary']'.
2024-03-28 17:15:30 - RobotFramework - INFO - Clicking element 'xpath=//button[@data-testid='search-multiselect-button']'.
2024-03-28 17:15:31 - app.search - INFO - Scraping 239 news
2024-03-28 17:15:31 - RobotFramework - INFO - Clicking element 'xpath=//button[@data-testid='search-show-more-button']'.
2024-03-28 17:15:31 - RobotFramework - INFO - Clicking element 'xpath=//button[@data-testid='search-show-more-button']'.
2024-03-28 17:15:31 - RobotFramework - INFO - Clicking element 'xpath=//button[@data-testid='search-show-more-button']'.
2024-03-28 17:15:31 - RobotFramework - INFO - Clicking element 'xpath=//button[@data-testid='search-show-more-button']'.
2024-03-28 17:15:31 - RobotFramework - INFO - Clicking element 'xpath=//button[@data-testid='search-show-more-button']'.
2024-03-28 17:15:31 - RobotFramework - INFO - Clicking element 'xpath=//button[@data-testid='search-show-more-button']'.
2024-03-28 17:15:31 - RobotFramework - INFO - Clicking element 'xpath=//button[@data-testid='search-show-more-button']'.
2024-03-28 17:15:32 - RobotFramework - INFO - Clicking element 'xpath=//button[@data-testid='search-show-more-button']'.
2024-03-28 17:15:32 - RobotFramework - INFO - Clicking element 'xpath=//button[@data-testid='search-show-more-button']'.
2024-03-28 17:15:32 - RobotFramework - INFO - Clicking element 'xpath=//button[@data-testid='search-show-more-button']'.
2024-03-28 17:15:32 - RobotFramework - INFO - Clicking element 'xpath=//button[@data-testid='search-show-more-button']'.
2024-03-28 17:15:32 - RobotFramework - INFO - Clicking element 'xpath=//button[@data-testid='search-show-more-button']'.
2024-03-28 17:15:33 - RobotFramework - INFO - Clicking element 'xpath=//button[@data-testid='search-show-more-button']'.
2024-03-28 17:15:33 - RobotFramework - INFO - Clicking element 'xpath=//button[@data-testid='search-show-more-button']'.
2024-03-28 17:15:33 - RobotFramework - INFO - Clicking element 'xpath=//button[@data-testid='search-show-more-button']'.
2024-03-28 17:15:33 - RobotFramework - INFO - Clicking element 'xpath=//button[@data-testid='search-show-more-button']'.
2024-03-28 17:15:33 - RobotFramework - INFO - Clicking element 'xpath=//button[@data-testid='search-show-more-button']'.
2024-03-28 17:15:34 - RobotFramework - INFO - Clicking element 'xpath=//button[@data-testid='search-show-more-button']'.
2024-03-28 17:15:34 - RobotFramework - INFO - Clicking element 'xpath=//button[@data-testid='search-show-more-button']'.
2024-03-28 17:15:34 - RobotFramework - INFO - Clicking element 'xpath=//button[@data-testid='search-show-more-button']'.
2024-03-28 17:15:34 - RobotFramework - INFO - Clicking element 'xpath=//button[@data-testid='search-show-more-button']'.
2024-03-28 17:15:34 - RobotFramework - INFO - Clicking element 'xpath=//button[@data-testid='search-show-more-button']'.
2024-03-28 17:15:35 - RobotFramework - INFO - Clicking element 'xpath=//button[@data-testid='search-show-more-button']'.
